Build started 10/14/2011 6:10:37 PM.
     1>Project "c:\Users\Harinath\documents\visual studio 2010\Projects\xIMUcppAPI\xIMUcppAPI\xIMUcppAPI.vcxproj" on node 2 (build target(s)).
     1>InitializeBuildStatus:
         Creating "Debug\xIMUcppAPI.unsuccessfulbuild" because "AlwaysCreate" was specified.
       GenerateTargetFrameworkMonikerAttribute:
       Skipping target "GenerateTargetFrameworkMonikerAttribute" because all output files are up-to-date with respect to the input files.
       ClCompile:
         C:\Program Files (x86)\Microsoft Visual Studio 10.0\VC\bin\CL.exe /c /AI"C:\Program Files (x86)\Reference Assemblies\Microsoft\Framework\.NETFramework\v4.0" /Zi /clr /nologo /W3 /WX- /Od /Oy- /D _WINDLL /D _MBCS /EHa /MDd /GS /fp:precise /Zc:wchar_t /Zc:forScope /Fo"Debug\\" /Fd"Debug\vc100.pdb" /TP /FU"C:\Program Files (x86)\Reference Assemblies\Microsoft\Framework\.NETFramework\v4.0\System.Core.dll" /FU"c:\Users\Harinath\documents\visual studio 2010\Projects\xIMUcppAPI\x-IMU API 13.1\x-IMU API\bin\Debug\x-IMU API.dll" /analyze- /errorReport:prompt xIMUcppAPI.cpp /clr:nostdlib 
         xIMUcppAPI.cpp
     1>c:\users\harinath\documents\visual studio 2010\projects\ximucppapi\ximucppapi\xIMUcppAPI.h(29): warning C4691: 'System::Func' : type referenced was expected in unreferenced assembly 'System.Core', type defined in current translation unit used instead
                 This diagnostic occurred while importing type 'x_IMU_API::xIMUserial ' from assembly 'x-IMU API, Version=13.1.4304.30738, Culture=neutral, PublicKeyToken=null'.
         C:\Program Files (x86)\Microsoft Visual Studio 10.0\VC\bin\CL.exe /c /Zi /clr /nologo /W3 /WX- /Od /Oy- /D _WINDLL /D _MBCS /EHa /MDd /GS /fp:precise /Zc:wchar_t /Zc:forScope /Fo"Debug\\" /Fd"Debug\vc100.pdb" /TP /analyze- /errorReport:prompt "C:\Users\Harinath\AppData\Local\Temp\.NETFramework,Version=v4.0.AssemblyAttributes.cpp"
         .NETFramework,Version=v4.0.AssemblyAttributes.cpp
       Link:
         C:\Program Files (x86)\Microsoft Visual Studio 10.0\VC\bin\link.exe /ERRORREPORT:PROMPT /OUT:"c:\users\harinath\documents\visual studio 2010\Projects\xIMUcppAPI\Debug\xIMUcppAPI.dll" /NOLOGO kernel32.lib user32.lib gdi32.lib winspool.lib comdlg32.lib advapi32.lib shell32.lib ole32.lib oleaut32.lib uuid.lib odbc32.lib odbccp32.lib /MANIFEST /ManifestFile:"Debug\xIMUcppAPI.dll.intermediate.manifest" /MANIFESTUAC:"level='asInvoker' uiAccess='false'" /DEBUG /PDB:"c:\users\harinath\documents\visual studio 2010\Projects\xIMUcppAPI\Debug\xIMUcppAPI.pdb" /ASSEMBLYDEBUG /TLBID:1 /DYNAMICBASE /FIXED:NO /NXCOMPAT /MACHINE:X86 /DLL Debug\xIMUcppAPI.obj
         "Debug\.NETFramework,Version=v4.0.AssemblyAttributes.obj"
            Creating library c:\users\harinath\documents\visual studio 2010\Projects\xIMUcppAPI\Debug\xIMUcppAPI.lib and object c:\users\harinath\documents\visual studio 2010\Projects\xIMUcppAPI\Debug\xIMUcppAPI.exp
         xIMUcppAPI.vcxproj -> c:\users\harinath\documents\visual studio 2010\Projects\xIMUcppAPI\Debug\xIMUcppAPI.dll
       MetaGen:
         To improve incremental build performance for managed components, please make sure that the 'VC++ Directories->Reference Directories' points to all the paths which contain the referenced managed assemblies.
         Could not load file or assembly 'x-IMU API, Version=13.1.4304.30738, Culture=neutral, PublicKeyToken=null' or one of its dependencies. The system cannot find the file specified.
       Manifest:
         C:\Program Files (x86)\Microsoft SDKs\Windows\v7.0A\bin\mt.exe /nologo /verbose /outputresource:"c:\users\harinath\documents\visual studio 2010\Projects\xIMUcppAPI\Debug\xIMUcppAPI.dll;#2" /manifest Debug\xIMUcppAPI.dll.intermediate.manifest
       _CopyFilesMarkedCopyLocal:
         Copying file from "c:\Users\Harinath\documents\visual studio 2010\Projects\xIMUcppAPI\x-IMU API 13.1\x-IMU API\bin\Debug\x-IMU API.dll" to "c:\users\harinath\documents\visual studio 2010\Projects\xIMUcppAPI\Debug\x-IMU API.dll".
         Copying file from "c:\Users\Harinath\documents\visual studio 2010\Projects\xIMUcppAPI\x-IMU API 13.1\x-IMU API\bin\Debug\x-IMU API.pdb" to "c:\users\harinath\documents\visual studio 2010\Projects\xIMUcppAPI\Debug\x-IMU API.pdb".
       FinalizeBuildStatus:
         Deleting file "Debug\xIMUcppAPI.unsuccessfulbuild".
         Touching "Debug\xIMUcppAPI.lastbuildstate".
     1>Done Building Project "c:\Users\Harinath\documents\visual studio 2010\Projects\xIMUcppAPI\xIMUcppAPI\xIMUcppAPI.vcxproj" (build target(s)).

Build succeeded.

Time Elapsed 00:00:00.98
